app/build/outputs/mapping/nonRootRelease/seeds.txt
com.limelight.ShortcutTrampoline
com.limelight.binding.input.driver.UsbDriverService
com.limelight.ui.StreamView
com.limelight.discovery.DiscoveryService
com.limelight.preferences.ConfirmDeleteOscPreference
com.limelight.HelpActivity
com.limelight.preferences.StreamSettings
com.limelight.binding.input.evdev.EvdevCaptureProviderShim
com.limelight.nvstream.jni.MoonBridge
com.limelight.AppView
com.limelight.preferences.SeekBarPreference
com.limelight.Game
com.limelight.binding.input.evdev.EvdevListener
com.limelight.computers.ComputerManagerService
com.limelight.preferences.LanguagePreference
com.limelight.PosterContentProvider
com.limelight.PcView
com.limelight.nvstream.jni.MoonBridge$AudioConfiguration
com.limelight.preferences.SmallIconCheckboxPreference
com.limelight.preferences.AddComputerManually
com.limelight.nvstream.jni.MoonBridge: com.limelight.nvstream.jni.MoonBridge$AudioConfiguration AUDIO_CONFIGURATION_51_SURROUND
com.limelight.nvstream.jni.MoonBridge: byte LI_PEN_BUTTON_TERTIARY
com.limelight.nvstream.jni.MoonBridge: byte LI_TOUCH_EVENT_CANCEL_ALL
com.limelight.nvstream.jni.MoonBridge: int ML_PORT_FLAG_TCP_47989
com.limelight.nvstream.jni.MoonBridge: int ML_PORT_FLAG_UDP_48010
com.limelight.nvstream.jni.MoonBridge: com.limelight.nvstream.av.audio.AudioRenderer audioRenderer
com.limelight.nvstream.jni.MoonBridge: int VIDEO_FORMAT_H265
com.limelight.nvstream.jni.MoonBridge: int FRAME_TYPE_IDR
com.limelight.nvstream.jni.MoonBridge: short LI_CCAP_TRIGGER_RUMBLE
com.limelight.nvstream.jni.MoonBridge: int ML_PORT_FLAG_ALL
com.limelight.nvstream.jni.MoonBridge: int ML_PORT_INDEX_TCP_48010
com.limelight.nvstream.jni.MoonBridge: int VIDEO_FORMAT_MASK_10BIT
com.limelight.nvstream.jni.MoonBridge: short LI_CCAP_RGB_LED
com.limelight.nvstream.jni.MoonBridge: int BUFFER_TYPE_PICDATA
com.limelight.nvstream.jni.MoonBridge: int ML_PORT_FLAG_UDP_48000
com.limelight.nvstream.jni.MoonBridge: int VIDEO_FORMAT_H264
com.limelight.nvstream.jni.MoonBridge: int ML_PORT_INDEX_TCP_47989
com.limelight.nvstream.jni.MoonBridge: com.limelight.nvstream.jni.MoonBridge$AudioConfiguration AUDIO_CONFIGURATION_STEREO
com.limelight.nvstream.jni.MoonBridge: com.limelight.nvstream.av.video.VideoDecoderRenderer videoRenderer
com.limelight.nvstream.jni.MoonBridge: int CAPABILITY_REFERENCE_FRAME_INVALIDATION_AVC
com.limelight.nvstream.jni.MoonBridge: byte LI_CTYPE_XBOX
com.limelight.nvstream.jni.MoonBridge: int ML_PORT_INDEX_UDP_48000
com.limelight.nvstream.jni.MoonBridge: int DR_NEED_IDR
com.limelight.binding.input.evdev.EvdevListener: int BUTTON_LEFT
com.limelight.nvstream.jni.MoonBridge: int COLOR_RANGE_FULL
com.limelight.binding.input.evdev.EvdevListener: int BUTTON_X1
com.limelight.nvstream.jni.MoonBridge: byte LI_TOUCH_EVENT_UP
com.limelight.nvstream.jni.MoonBridge: int CAPABILITY_REFERENCE_FRAME_INVALIDATION_AV1
com.limelight.nvstream.jni.MoonBridge: int COLORSPACE_REC_601
com.limelight.nvstream.jni.MoonBridge: byte LI_BATTERY_STATE_FULL
com.limelight.nvstream.jni.MoonBridge: byte LI_TOUCH_EVENT_HOVER_LEAVE
com.limelight.nvstream.jni.MoonBridge: int ML_ERROR_NO_VIDEO_TRAFFIC
com.limelight.nvstream.jni.MoonBridge: int ML_PORT_FLAG_TCP_47984
com.limelight.nvstream.jni.MoonBridge: short LI_CCAP_RUMBLE
com.limelight.nvstream.jni.MoonBridge: int ML_ERROR_FRAME_CONVERSION
com.limelight.nvstream.jni.MoonBridge$AudioConfiguration: int channelCount
com.limelight.binding.input.evdev.EvdevListener: int BUTTON_X2
com.limelight.nvstream.jni.MoonBridge: int DR_OK
com.limelight.nvstream.jni.MoonBridge: byte LI_CTYPE_PS
com.limelight.nvstream.jni.MoonBridge: byte LI_TOUCH_EVENT_DOWN
com.limelight.nvstream.jni.MoonBridge: int VIDEO_FORMAT_MASK_AV1
com.limelight.nvstream.jni.MoonBridge: int FRAME_TYPE_PFRAME
com.limelight.nvstream.jni.MoonBridge: byte LI_TOUCH_EVENT_BUTTON_ONLY
com.limelight.nvstream.jni.MoonBridge: byte LI_BATTERY_STATE_UNKNOWN
com.limelight.nvstream.jni.MoonBridge: int ML_PORT_FLAG_UDP_47998
...
org.bouncycastle.jcajce.spec.CompositeAlgorithmSpec
org.bouncycastle.jcajce.provider.symmetric.util.ClassUtil
org.bouncycastle.jcajce.provider.digest.RIPEMD320$KeyGenerator
org.bouncycastle.jcajce.provider.symmetric.ARIA$ECB
org.bouncycastle.jcajce.provider.symmetric.Salsa20$KeyGen
org.bouncycastle.jcajce.provider.digest.Skein$HMacKeyGenerator_256_160
org.bouncycastle.jce.provider.RFC3281CertPathUtilities
org.bouncycastle.jcajce.provider.symmetric.Grain128$Base
org.bouncycastle.jcajce.provider.symmetric.Threefish$ECB_1024
org.bouncycastle.jcajce.provider.symmetric.AES$1
org.bouncycastle.jcajce.provider.digest.Blake2b$Blake2b384
org.bouncycastle.jcajce.provider.digest.SHA3$KeyGenerator512
org.bouncycastle.jcajce.provider.symmetric.ChaCha$AlgParams
org.bouncycastle.jcajce.provider.asymmetric.RSA$Mappings
org.bouncycastle.jcajce.provider.symmetric.Threefish$ECB_256
org.bouncycastle.jcajce.provider.symmetric.DESede$DESede64with7816d4
org.bouncycastle.jce.interfaces.BCKeyStore
org.bouncycastle.jcajce.provider.digest.Skein$HMacKeyGenerator_512_384
org.bouncycastle.jcajce.provider.digest.SHA3$HashMacSHA3
org.bouncycastle.jce.provider.X509StoreCertCollection
org.bouncycastle.jcajce.provider.symmetric.Camellia$AlgParams
org.bouncycastle.jcajce.provider.digest.Keccak$KeyGenerator384
org.bouncycastle.jcajce.provider.symmetric.SEED$AlgParamGen
org.bouncycastle.jcajce.provider.symmetric.RC2$PBEWithSHA1AndRC2
org.bouncycastle.jcajce.provider.symmetric.GOST28147$KeyGen
org.bouncycastle.jcajce.provider.asymmetric.rsa.PSSSignatureSpi$SHA3_384withRSAandSHAKE128
org.bouncycastle.jcajce.provider.symmetric.Camellia$Poly1305KeyGen
org.bouncycastle.jcajce.provider.symmetric.AES$KeyGen
org.bouncycastle.jcajce.provider.digest.GOST3411$KeyGenerator2012_256
org.bouncycastle.jcajce.provider.digest.Skein$Digest_1024_384
org.bouncycastle.jcajce.provider.symmetric.DES$DES64with7816d4
org.bouncycastle.jce.provider.X509StoreLDAPCRLs
org.bouncycastle.jcajce.provider.digest.GOST3411$Mappings
org.bouncycastle.jcajce.provider.symmetric.VMPC$Base
org.bouncycastle.jce.provider.DHUtil
org.bouncycastle.jcajce.provider.symmetric.Threefish$CMAC_256
org.bouncycastle.jcajce.provider.symmetric.ARC4$KeyGen
org.bouncycastle.jcajce.provider.asymmetric.rsa.DigestSignatureSpi$SHA512_256
org.bouncycastle.jcajce.provider.symmetric.SM4$Poly1305KeyGen
org.bouncycastle.jcajce.provider.symmetric.SM4
org.bouncycastle.jcajce.provider.symmetric.Threefish$AlgParams_256
org.bouncycastle.jcajce.provider.digest.Tiger$PBEWithHashMac
org.bouncycastle.jcajce.provider.asymmetric.rsa.DigestSignatureSpi$noneRSA
org.bouncycastle.jcajce.provider.asymmetric.rsa.X931SignatureSpi$SHA512WithRSAEncryption
org.bouncycastle.jcajce.provider.asymmetric.rsa.ISOSignatureSpi$SHA512_224WithRSAEncryption
org.bouncycastle.jcajce.provider.digest.Skein$Digest_512_256
org.bouncycastle.jcajce.spec.MQVParameterSpec
org.bouncycastle.jcajce.provider.symmetric.CAST5$AlgParams
org.bouncycastle.jce.exception.ExtCertPathValidatorException
org.bouncycastle.jcajce.provider.symmetric.PBEPBKDF2$PBKDF2withSHA256
org.bouncycastle.jce.provider.X509CertificateObject
android.support.v4.graphics.drawable.IconCompatParcelizer
org.bouncycastle.jcajce.provider.digest.RIPEMD160$PBEWithHmacKeyFactory
org.bouncycastle.jcajce.provider.symmetric.ARIA$AlgParams
org.bouncycastle.jcajce.provider.symmetric.TLSKDF
org.bouncycastle.jcajce.provider.digest.Skein$DigestSkein512
org.bouncycastle.jcajce.provider.symmetric.AES$PBEWithMD5And256BitAESCBCOpenSSL
org.bouncycastle.jce.spec.IEKeySpec
org.bouncycastle.jcajce.provider.symmetric.IDEA$CBC
org.bouncycastle.jce.spec.ECParameterSpec
org.bouncycastle.jcajce.provider.symmetric.AES$KeyGen192
org.bouncycastle.jcajce.provider.symmetric.DES$KeyGenerator
org.bouncycastle.jcajce.provider.symmetric.RC5$ECB32
org.bouncycastle.jce.provider.BrokenJCEBlockCipher$OldPBEWithSHAAndDES3Key
org.bouncycastle.jcajce.provider.digest.Skein$SkeinMac_256_256
org.bouncycastle.jcajce.provider.symmetric.SM4$Poly1305