app/build/outputs/mapping/nonRootRelease/mapping.txt
# compiler: R8
# compiler_version: 8.2.47
# min_api: 16
# common_typos_disable
# {"id":"com.android.tools.r8.mapping","version":"2.2"}
# pg_map_id: f638dc1
# pg_map_hash: SHA-256 f638dc1e8bdc8373a8a6d7eee18f7e4806a0e1e0f8e1d12d4b3bec2d8f445db6
com.limelight.AppView -> com.limelight.AppView:
# {"id":"sourceFile","fileName":"AppView.java"}
    0:0:com.limelight.grid.AppGridAdapter -$$Nest$fgetappGridAdapter(com.limelight.AppView) -> -$$Nest$fgetappGridAdapter
      # {"id":"com.android.tools.r8.synthesized"}
    0:0:com.limelight.utils.SpinnerDialog -$$Nest$fgetblockingLoadSpinner(com.limelight.AppView) -> -$$Nest$fgetblockingLoadSpinner
      # {"id":"com.android.tools.r8.synthesized"}
    0:0:com.limelight.nvstream.http.ComputerDetails -$$Nest$fgetcomputer(com.limelight.AppView) -> -$$Nest$fgetcomputer
      # {"id":"com.android.tools.r8.synthesized"}
    0:0:java.util.HashSet -$$Nest$fgethiddenAppIds(com.limelight.AppView) -> -$$Nest$fgethiddenAppIds
      # {"id":"com.android.tools.r8.synthesized"}
    0:0:java.lang.String -$$Nest$fgetlastRawApplist(com.limelight.AppView) -> -$$Nest$fgetlastRawApplist
      # {"id":"com.android.tools.r8.synthesized"}
    0:0:int -$$Nest$fgetlastRunningAppId(com.limelight.AppView) -> -$$Nest$fgetlastRunningAppId
      # {"id":"com.android.tools.r8.synthesized"}
    0:0:com.limelight.computers.ComputerManagerService$ComputerManagerBinder -$$Nest$fgetmanagerBinder(com.limelight.AppView) -> -$$Nest$fgetmanagerBinder
      # {"id":"com.android.tools.r8.synthesized"}
    0:0:com.limelight.computers.ComputerManagerService$ApplistPoller -$$Nest$fgetpoller(com.limelight.AppView) -> -$$Nest$fgetpoller
      # {"id":"com.android.tools.r8.synthesized"}
com.limelight.AppView$$ExternalSyntheticApiModelOutline0 -> com.limelight.AppView$$ExternalSyntheticApiModelOutline0:
# {"id":"sourceFile","fileName":"R8$$SyntheticClass"}
# {"id":"com.android.tools.r8.synthesized"}
    0:0:void com.limelight.AppView$$InternalSyntheticApiModelOutline$1$641d30becc9332caff5c9f01660cda91d23e3cf11808bfff91b776cfce7f9787$0.m(com.limelight.AppView,boolean) -> m
      # {"id":"com.android.tools.r8.synthesized"}
com.limelight.AppView$1 -> com.limelight.AppView$1:
# {"id":"sourceFile","fileName":"AppView.java"}
com.limelight.AppView$1$1 -> com.limelight.AppView$1$1:
# {"id":"sourceFile","fileName":"AppView.java"}
com.limelight.AppView$1$1$1 -> com.limelight.AppView$1$1$1:
# {"id":"sourceFile","fileName":"AppView.java"}
com.limelight.AppView$2 -> com.limelight.AppView$2:
# {"id":"sourceFile","fileName":"AppView.java"}
com.limelight.AppView$2$1 -> com.limelight.AppView$2$1:
# {"id":"sourceFile","fileName":"AppView.java"}
com.limelight.AppView$2$2 -> com.limelight.AppView$2$2:
# {"id":"sourceFile","fileName":"AppView.java"}
com.limelight.AppView$3 -> com.limelight.AppView$3:
# {"id":"sourceFile","fileName":"AppView.java"}
com.limelight.AppView$4 -> com.limelight.AppView$4:
# {"id":"sourceFile","fileName":"AppView.java"}
com.limelight.AppView$4$1 -> com.limelight.AppView$4$1:
# {"id":"sourceFile","fileName":"AppView.java"}
com.limelight.AppView$5 -> com.limelight.AppView$5:
# {"id":"sourceFile","fileName":"AppView.java"}
com.limelight.AppView$6 -> com.limelight.AppView$6:
# {"id":"sourceFile","fileName":"AppView.java"}
com.limelight.AppView$7 -> com.limelight.AppView$7:
# {"id":"sourceFile","fileName":"AppView.java"}
com.limelight.AppView$AppObject -> com.limelight.AppView$AppObject:
# {"id":"sourceFile","fileName":"AppView.java"}
com.limelight.DateTimeFetcher -> com.limelight.DateTimeFetcher:
# {"id":"sourceFile","fileName":"DateTimeFetcher.java"}
    0:0:java.lang.Object doInBackground(java.lang.Object[]) -> doInBackground
    0:0:java.lang.String doInBackground(java.lang.Void[]) -> doInBackground
    0:0:void onPostExecute(java.lang.Object) -> onPostExecute
    0:0:void onPostExecute(java.lang.String) -> onPostExecute
com.limelight.DateTimeFetcher$DateTimeFetchListener -> com.limelight.DateTimeFetcher$DateTimeFetchListener:
# {"id":"sourceFile","fileName":"DateTimeFetcher.java"}
...
javax.jmdns.impl.DNSStatefulObject -> javax.jmdns.impl.DNSStatefulObject:
# {"id":"sourceFile","fileName":"DNSStatefulObject.java"}
javax.jmdns.impl.DNSStatefulObject$DNSStatefulObjectSemaphore -> javax.jmdns.impl.DNSStatefulObject$DNSStatefulObjectSemaphore:
# {"id":"sourceFile","fileName":"DNSStatefulObject.java"}
javax.jmdns.impl.DNSStatefulObject$DefaultImplementation -> javax.jmdns.impl.DNSStatefulObject$DefaultImplementation:
# {"id":"sourceFile","fileName":"DNSStatefulObject.java"}
javax.jmdns.impl.DNSTaskStarter -> javax.jmdns.impl.DNSTaskStarter:
# {"id":"sourceFile","fileName":"DNSTaskStarter.java"}
javax.jmdns.impl.DNSTaskStarter$DNSTaskStarterImpl -> javax.jmdns.impl.DNSTaskStarter$DNSTaskStarterImpl:
# {"id":"sourceFile","fileName":"DNSTaskStarter.java"}
javax.jmdns.impl.DNSTaskStarter$DNSTaskStarterImpl$StarterTimer -> javax.jmdns.impl.DNSTaskStarter$DNSTaskStarterImpl$StarterTimer:
# {"id":"sourceFile","fileName":"DNSTaskStarter.java"}
    0:0:void schedule(java.util.TimerTask,long) -> schedule
    0:0:void schedule(java.util.TimerTask,long,long) -> schedule
    0:0:void schedule(java.util.TimerTask,java.util.Date) -> schedule
    0:0:void schedule(java.util.TimerTask,java.util.Date,long) -> schedule
    0:0:void scheduleAtFixedRate(java.util.TimerTask,long,long) -> scheduleAtFixedRate
    0:0:void scheduleAtFixedRate(java.util.TimerTask,java.util.Date,long) -> scheduleAtFixedRate
javax.jmdns.impl.DNSTaskStarter$Factory -> javax.jmdns.impl.DNSTaskStarter$Factory:
# {"id":"sourceFile","fileName":"DNSTaskStarter.java"}
javax.jmdns.impl.HostInfo -> javax.jmdns.impl.HostInfo:
# {"id":"sourceFile","fileName":"HostInfo.java"}
javax.jmdns.impl.HostInfo$1 -> javax.jmdns.impl.HostInfo$1:
# {"id":"sourceFile","fileName":"HostInfo.java"}
javax.jmdns.impl.HostInfo$HostInfoState -> javax.jmdns.impl.HostInfo$HostInfoState:
# {"id":"sourceFile","fileName":"HostInfo.java"}
javax.jmdns.impl.JmDNSImpl -> javax.jmdns.impl.JmDNSImpl:
# {"id":"sourceFile","fileName":"JmDNSImpl.java"}
    0:0:void <init>(java.net.InetAddress,java.lang.String) -> <init>
    0:0:void <init>(java.net.InetAddress,java.lang.String,long) -> <init>
    0:0:void addServiceListener(java.lang.String,javax.jmdns.ServiceListener) -> addServiceListener
    0:0:void addServiceListener(java.lang.String,javax.jmdns.ServiceListener,boolean) -> addServiceListener
    0:0:javax.jmdns.ServiceInfo getServiceInfo(java.lang.String,java.lang.String,long) -> getServiceInfo
    0:0:javax.jmdns.ServiceInfo getServiceInfo(java.lang.String,java.lang.String,boolean,long) -> getServiceInfo
javax.jmdns.impl.JmDNSImpl$1 -> javax.jmdns.impl.JmDNSImpl$1:
# {"id":"sourceFile","fileName":"JmDNSImpl.java"}
javax.jmdns.impl.JmDNSImpl$2 -> javax.jmdns.impl.JmDNSImpl$2:
# {"id":"sourceFile","fileName":"JmDNSImpl.java"}
javax.jmdns.impl.JmDNSImpl$3 -> javax.jmdns.impl.JmDNSImpl$3:
# {"id":"sourceFile","fileName":"JmDNSImpl.java"}
javax.jmdns.impl.JmDNSImpl$4 -> javax.jmdns.impl.JmDNSImpl$4:
# {"id":"sourceFile","fileName":"JmDNSImpl.java"}
javax.jmdns.impl.JmDNSImpl$5 -> javax.jmdns.impl.JmDNSImpl$5:
# {"id":"sourceFile","fileName":"JmDNSImpl.java"}
javax.jmdns.impl.JmDNSImpl$6 -> javax.jmdns.impl.JmDNSImpl$6:
# {"id":"sourceFile","fileName":"JmDNSImpl.java"}
javax.jmdns.impl.JmDNSImpl$7 -> javax.jmdns.impl.JmDNSImpl$7:
# {"id":"sourceFile","fileName":"JmDNSImpl.java"}
javax.jmdns.impl.JmDNSImpl$Operation -> javax.jmdns.impl.JmDNSImpl$Operation:
# {"id":"sourceFile","fileName":"JmDNSImpl.java"}
javax.jmdns.impl.JmDNSImpl$ServiceCollector -> javax.jmdns.impl.JmDNSImpl$ServiceCollector:
# {"id":"sourceFile","fileName":"JmDNSImpl.java"}
javax.jmdns.impl.JmDNSImpl$ServiceTypeEntry -> javax.jmdns.impl.JmDNSImpl$ServiceTypeEntry:
# {"id":"sourceFile","fileName":"JmDNSImpl.java"}
    0:0:java.lang.Object clone() -> clone
    0:0:javax.jmdns.impl.JmDNSImpl$ServiceTypeEntry clone() -> clone