app/build/outputs/mapping/nonRootRelease/usage.txt
com.limelight.AppView:
    private static final int CREATE_SHORTCUT_ID
    public static final java.lang.String HIDDEN_APPS_PREF_FILENAME
    private static final int HIDE_APP_ID
    public static final java.lang.String NAME_EXTRA
    public static final java.lang.String NEW_PAIR_EXTRA
    private static final int QUIT_ID
    public static final java.lang.String SHOW_HIDDEN_APPS_EXTRA
    private static final int START_OR_RESUME_ID
    private static final int START_WITH_QUIT
    public static final java.lang.String UUID_EXTRA
    private static final int VIEW_DETAILS_ID
com.limelight.BuildConfig
com.limelight.Game:
    public static final java.lang.String EXTRA_APP_HDR
    public static final java.lang.String EXTRA_APP_ID
    public static final java.lang.String EXTRA_APP_NAME
    public static final java.lang.String EXTRA_HOST
    public static final java.lang.String EXTRA_HTTPS_PORT
    public static final java.lang.String EXTRA_PC_NAME
    public static final java.lang.String EXTRA_PC_UUID
    public static final java.lang.String EXTRA_PORT
    public static final java.lang.String EXTRA_SERVER_CERT
    public static final java.lang.String EXTRA_UNIQUEID
    private static final int REFERENCE_HORIZ_RES
    private static final int REFERENCE_VERT_RES
    private static final int STYLUS_DOWN_DEAD_ZONE_DELAY
    private static final int STYLUS_DOWN_DEAD_ZONE_RADIUS
    private static final int STYLUS_UP_DEAD_ZONE_DELAY
    private static final int STYLUS_UP_DEAD_ZONE_RADIUS
    private static final int THREE_FINGER_TAP_THRESHOLD
    private boolean sendTouchEventForPointer(android.view.View,android.view.MotionEvent,byte,int)
    private boolean trySendTouchEvent(android.view.View,android.view.MotionEvent)
com.limelight.LimeLog:
    public void <init>()
    public static void setFileHandler(java.lang.String)
com.limelight.PcView:
    private static final int DELETE_ID
    private static final int FULL_APP_LIST_ID
    private static final int GAMESTREAM_EOL_ID
    private static final int PAIR_ID
    private static final int QUIT_ID
    private static final int RESUME_ID
    private static final int TEST_NETWORK_ID
    private static final int UNPAIR_ID
    private static final int VIEW_DETAILS_ID
    private static final int WOL_ID
com.limelight.PosterContentProvider:
    public static final int APP_ID_PATH_INDEX
    public static final java.lang.String AUTHORITY
    private static final java.lang.String BOXART_PATH
    private static final int BOXART_URI_ID
    public static final int COMPUTER_UUID_PATH_INDEX
    public static final java.lang.String PNG_MIME_TYPE
com.limelight.R$anim:
    private void <init>()
com.limelight.R$array
com.limelight.R$color
com.limelight.R$dimen:
    public static int activity_horizontal_margin
    public static int activity_vertical_margin
    public static int tv_channel_logo_height
    private void <init>()
com.limelight.R$drawable:
    public static int app_icon
    public static int atv_banner
    public static int demotext
    public static int ic_add
    public static int ic_help
    public static int ic_lime_layer
    public static int list_view_unselected
    public static int ouya_icon
    private void <init>()
com.limelight.R$id:
    public static int configure_virtual_controller_frameLayout
    public static int grid_image_layout
    public static int manuallyAddPcText
    public static int pcs_loading
    public static int progressBar
    private void <init>()
com.limelight.R$layout:
    public static int activity_configure_virtual_controller
    private void <init>()
com.limelight.R$mipmap:
    public static int ic_launcher
    public static int ic_launcher_foreground
    public static int ic_pc_scut_foreground
    private void <init>()
...
org.bouncycastle.asn1.x509.PolicyConstraints
org.bouncycastle.asn1.x509.PolicyInformation:
    public void <init>(org.bouncycastle.asn1.ASN1ObjectIdentifier)
    public void <init>(org.bouncycastle.asn1.ASN1ObjectIdentifier,org.bouncycastle.asn1.ASN1Sequence)
org.bouncycastle.asn1.x509.PolicyMappings
org.bouncycastle.asn1.x509.PolicyQualifierId
org.bouncycastle.asn1.x509.PolicyQualifierInfo:
    public void <init>(java.lang.String)
    public void <init>(org.bouncycastle.asn1.ASN1ObjectIdentifier,org.bouncycastle.asn1.ASN1Encodable)
    public org.bouncycastle.asn1.ASN1ObjectIdentifier getPolicyQualifierId()
    public org.bouncycastle.asn1.ASN1Encodable getQualifier()
org.bouncycastle.asn1.x509.PrivateKeyUsagePeriod
org.bouncycastle.asn1.x509.RSAPublicKeyStructure
org.bouncycastle.asn1.x509.ReasonFlags:
    public static final int AA_COMPROMISE
    public static final int AFFILIATION_CHANGED
    public static final int CA_COMPROMISE
    public static final int CERTIFICATE_HOLD
    public static final int CESSATION_OF_OPERATION
    public static final int KEY_COMPROMISE
    public static final int PRIVILEGE_WITHDRAWN
    public static final int SUPERSEDED
    public static final int UNUSED
    public static final int aACompromise
    public static final int affiliationChanged
    public static final int cACompromise
    public static final int certificateHold
    public static final int cessationOfOperation
    public static final int keyCompromise
    public static final int privilegeWithdrawn
    public static final int superseded
    public static final int unused
    public void <init>(int)
org.bouncycastle.asn1.x509.RoleSyntax
org.bouncycastle.asn1.x509.SubjectDirectoryAttributes
org.bouncycastle.asn1.x509.SubjectKeyIdentifier
org.bouncycastle.asn1.x509.SubjectPublicKeyInfo:
    public static org.bouncycastle.asn1.x509.SubjectPublicKeyInfo getInstance(org.bouncycastle.asn1.ASN1TaggedObject,boolean)
    public org.bouncycastle.asn1.ASN1Primitive getPublicKey()
org.bouncycastle.asn1.x509.TBSCertList:
    public static org.bouncycastle.asn1.x509.TBSCertList getInstance(org.bouncycastle.asn1.ASN1TaggedObject,boolean)
    public org.bouncycastle.asn1.x509.TBSCertList$CRLEntry[] getRevokedCertificates()
    public org.bouncycastle.asn1.ASN1Integer getVersion()
org.bouncycastle.asn1.x509.TBSCertificate:
    public static org.bouncycastle.asn1.x509.TBSCertificate getInstance(org.bouncycastle.asn1.ASN1TaggedObject,boolean)
    public org.bouncycastle.asn1.ASN1Integer getVersion()
org.bouncycastle.asn1.x509.TBSCertificateStructure:
    public org.bouncycastle.asn1.x509.Time getEndDate()
    public org.bouncycastle.asn1.x509.X509Extensions getExtensions()
    public static org.bouncycastle.asn1.x509.TBSCertificateStructure getInstance(org.bouncycastle.asn1.ASN1TaggedObject,boolean)
    public org.bouncycastle.asn1.ASN1BitString getIssuerUniqueId()
    public org.bouncycastle.asn1.ASN1Integer getSerialNumber()
    public org.bouncycastle.asn1.x509.AlgorithmIdentifier getSignature()
    public org.bouncycastle.asn1.x509.Time getStartDate()
    public org.bouncycastle.asn1.x509.SubjectPublicKeyInfo getSubjectPublicKeyInfo()
    public org.bouncycastle.asn1.ASN1BitString getSubjectUniqueId()
    public int getVersion()
    public org.bouncycastle.asn1.ASN1Integer getVersionNumber()
org.bouncycastle.asn1.x509.Target:
    public static final int targetGroup
    public static final int targetName
    public void <init>(int,org.bouncycastle.asn1.x509.GeneralName)
org.bouncycastle.asn1.x509.TargetInformation:
    public void <init>(org.bouncycastle.asn1.x509.Targets)
    public void <init>(org.bouncycastle.asn1.x509.Target[])
org.bouncycastle.asn1.x509.Targets:
    public void <init>(org.bouncycastle.asn1.x509.Target[])
org.bouncycastle.asn1.x509.Time:
    public void <init>(java.util.Date)
    public static org.bouncycastle.asn1.x509.Time getInstance(org.bouncycastle.asn1.ASN1TaggedObject,boolean)
org.bouncycastle.asn1.x509.UserNotice